<?xml version="1.0" encoding="UTF-8"?>
<!-- Generated by org.testng.reporters.JUnitXMLReporter -->
<testsuite ignored="2" hostname="DESKTOP-DJ4FDME" failures="0" tests="2" name="Test" time="19.091" errors="0" timestamp="2024-03-18T21:11:12 IST">
  <testcase classname="org.xyz.automation.fb.KeyboardMouseHandleWindows" name="handleAlerts" time="3.846"/>
  <testcase classname="org.xyz.automation.fb.KeyboardMouseHandleWindows" name="handleFrames" time="15.153"/>
  <testcase classname="org.xyz.automation.fb.KeyboardMouseHandleWindows" name="handleKeyboard" time="0.0">
    <ignored/>
  </testcase> <!-- handleKeyboard -->
  <testcase classname="org.xyz.automation.fb.KeyboardMouseHandleWindows" name="handleMouse" time="0.0">
    <ignored/>
  </testcase> <!-- handleMouse -->
</testsuite> <!-- Test -->
