<?xml version="1.0" encoding="UTF-8"?>
<testng-results ignored="0" total="1" passed="1" failed="0" skipped="0">
  <reporter-output>
  </reporter-output>
  <suite started-at="2024-03-22T16:34:16 CDT" name="Default suite" finished-at="2024-03-22T16:34:20 CDT" duration-ms="3549">
    <groups>
    </groups>
    <test started-at="2024-03-22T16:34:16 CDT" name="Default test" finished-at="2024-03-22T16:34:20 CDT" duration-ms="3549">
      <class name="org.wipro.automation.uo.testcases.SignUpScenario">
        <test-method is-config="true" signature="launchBrowser()[pri:0, instance:org.wipro.automation.uo.testcases.SignUpScenario@692f203f]" started-at="2024-03-22T16:34:16 CDT" name="launchBrowser" finished-at="2024-03-22T16:34:19 CDT" duration-ms="2420" status="PASS">
          <reporter-output>
          </reporter-output>
        </test-method> <!-- launchBrowser -->
        <test-method signature="validate_SignUpfunction()[pri:0, instance:org.wipro.automation.uo.testcases.SignUpScenario@692f203f]" started-at="2024-03-22T16:34:19 CDT" name="validate_SignUpfunction" finished-at="2024-03-22T16:34:20 CDT" duration-ms="1084" status="PASS">
          <reporter-output>
          </reporter-output>
        </test-method> <!-- validate_SignUpfunction -->
        <test-method is-config="true" signature="closeBrowser()[pri:0, instance:org.wipro.automation.uo.testcases.SignUpScenario@692f203f]" started-at="2024-03-22T16:34:20 CDT" name="closeBrowser" finished-at="2024-03-22T16:34:20 CDT" duration-ms="0" status="PASS">
          <reporter-output>
          </reporter-output>
        </test-method> <!-- closeBrowser -->
      </class> <!-- org.wipro.automation.uo.testcases.SignUpScenario -->
    </test> <!-- Default test -->
  </suite> <!-- Default suite -->
</testng-results>
